Time: 2022-07-24 01:34:58.280
Level: Information
Starting up


Time: 2022-07-24 01:35:00.525
Level: Information
Now listening on: "http://localhost:5000"


Time: 2022-07-24 01:35:00.540
Level: Information
Now listening on: "https://localhost:5001"


Time: 2022-07-24 01:35:00.554
Level: Information
Application started. Press Ctrl+C to shut down.


Time: 2022-07-24 01:35:00.559
Level: Information
Hosting environment: "Production"


Time: 2022-07-24 01:35:00.567
Level: Information
Content root path: "D:\Documents\JazanProject\asp.net\marsad\"


Time: 2022-07-24 01:35:16.125
Level: Information
Request starting HTTP/1.1 GET http://localhost:5000/ - -


Time: 2022-07-24 01:35:16.179
Level: Information
Request finished HTTP/1.1 GET http://localhost:5000/ - - - 307 0 - 59.2650ms


Time: 2022-07-24 01:35:16.303
Level: Information
Request starting HTTP/2 GET https://localhost:5001/ - -


Time: 2022-07-24 01:35:16.312
Level: Information
HTTP "GET" "/" responded 404 in 2.6525 ms


Time: 2022-07-24 01:35:16.331
Level: Information
Request finished HTTP/2 GET https://localhost:5001/ - - - 404 0 - 28.7938ms


Time: 2022-07-24 01:35:18.410
Level: Information
Request starting HTTP/2 GET https://localhost:5001/ - -


Time: 2022-07-24 01:35:18.414
Level: Information
HTTP "GET" "/" responded 404 in 0.3203 ms


Time: 2022-07-24 01:35:18.422
Level: Information
Request finished HTTP/2 GET https://localhost:5001/ - - - 404 0 - 11.1960ms


Time: 2022-07-24 01:35:29.943
Level: Information
Request starting HTTP/2 GET https://localhost:5001/swagger/index.html - -


Time: 2022-07-24 01:35:29.946
Level: Information
HTTP "GET" "/swagger/index.html" responded 404 in 0.5286 ms


Time: 2022-07-24 01:35:29.952
Level: Information
Request finished HTTP/2 GET https://localhost:5001/swagger/index.html - - - 404 0 - 9.4231ms


Time: 2022-07-24 01:36:42.614
Level: Information
Request starting HTTP/1.1 GET http://localhost:5000/swagger/index.html - -


Time: 2022-07-24 01:36:42.617
Level: Information
Request finished HTTP/1.1 GET http://localhost:5000/swagger/index.html - - - 307 0 - 2.6182ms


Time: 2022-07-24 01:36:42.621
Level: Information
Request starting HTTP/2 GET https://localhost:5001/swagger/index.html - -


Time: 2022-07-24 01:36:42.623
Level: Information
HTTP "GET" "/swagger/index.html" responded 404 in 0.0351 ms


Time: 2022-07-24 01:36:42.626
Level: Information
Request finished HTTP/2 GET https://localhost:5001/swagger/index.html - - - 404 0 - 5.0893ms


Time: 2022-07-24 01:38:36.524
Level: Information
Application is shutting down...


Time: 2022-07-24 01:39:23.709
Level: Information
Starting up


Time: 2022-07-24 01:39:23.822
Level: Information
Now listening on: "http://localhost:5000"


Time: 2022-07-24 01:39:23.827
Level: Information
Now listening on: "https://localhost:5001"


Time: 2022-07-24 01:39:23.831
Level: Information
Application started. Press Ctrl+C to shut down.


Time: 2022-07-24 01:39:23.833
Level: Information
Hosting environment: "Production"


Time: 2022-07-24 01:39:23.835
Level: Information
Content root path: "D:\Documents\JazanProject\asp.net\marsad\"


Time: 2022-07-24 01:40:52.552
Level: Information
Application is shutting down...


Time: 2022-07-24 15:12:32.858
Level: Information
Starting up


Time: 2022-07-24 15:12:33.325
Level: Information
Now listening on: "http://localhost:5000"


Time: 2022-07-24 15:12:33.330
Level: Information
Now listening on: "https://localhost:5001"


Time: 2022-07-24 15:12:33.334
Level: Information
Application started. Press Ctrl+C to shut down.


Time: 2022-07-24 15:12:33.336
Level: Information
Hosting environment: "Production"


Time: 2022-07-24 15:12:33.339
Level: Information
Content root path: "D:\Documents\JazanProject\asp.net\marsad\"


Time: 2022-07-24 15:12:36.279
Level: Information
Application is shutting down...


Time: 2022-07-24 15:12:48.430
Level: Information
Starting up


Time: 2022-07-24 15:12:48.560
Level: Information
Now listening on: "http://localhost:5000"


Time: 2022-07-24 15:12:48.564
Level: Information
Now listening on: "https://localhost:5001"


Time: 2022-07-24 15:12:48.569
Level: Information
Application started. Press Ctrl+C to shut down.


Time: 2022-07-24 15:12:48.571
Level: Information
Hosting environment: "Production"


Time: 2022-07-24 15:12:48.572
Level: Information
Content root path: "D:\Documents\JazanProject\asp.net\marsad\"


Time: 2022-07-24 15:35:10.363
Level: Information
Starting up


Time: 2022-07-24 15:35:11.125
Level: Information
Now listening on: "http://localhost:5000"


Time: 2022-07-24 15:35:11.134
Level: Information
Now listening on: "https://localhost:5001"


Time: 2022-07-24 15:35:11.141
Level: Information
Application started. Press Ctrl+C to shut down.


Time: 2022-07-24 15:35:11.143
Level: Information
Hosting environment: "Production"


Time: 2022-07-24 15:35:11.145
Level: Information
Content root path: "D:\Documents\JazanProject\asp.net\marsad\app\"


Time: 2022-07-24 15:36:51.971
Level: Information
Application is shutting down...


Time: 2022-07-24 15:36:59.955
Level: Information
Starting up


Time: 2022-07-24 15:37:00.322
Level: Information
Now listening on: "http://localhost:5000"


Time: 2022-07-24 15:37:00.328
Level: Information
Now listening on: "https://localhost:5001"


Time: 2022-07-24 15:37:00.334
Level: Information
Application started. Press Ctrl+C to shut down.


Time: 2022-07-24 15:37:00.336
Level: Information
Hosting environment: "Production"


Time: 2022-07-24 15:37:00.338
Level: Information
Content root path: "D:\Documents\JazanProject\asp.net\marsad\app\"


Time: 2022-07-24 15:37:08.060
Level: Information
Request starting HTTP/1.1 GET http://localhost:5000/swagger/index.html - -


Time: 2022-07-24 15:37:08.172
Level: Information
Request finished HTTP/1.1 GET http://localhost:5000/swagger/index.html - - - 307 0 - 117.2351ms


Time: 2022-07-24 15:37:08.362
Level: Information
Request starting HTTP/2 GET https://localhost:5001/swagger/index.html - -


Time: 2022-07-24 15:37:08.380
Level: Information
HTTP "GET" "/swagger/index.html" responded 404 in 5.5893 ms


Time: 2022-07-24 15:37:08.405
Level: Information
Request finished HTTP/2 GET https://localhost:5001/swagger/index.html - - - 404 0 - 42.6160ms


Time: 2022-07-24 15:37:11.322
Level: Information
Request starting HTTP/2 GET https://localhost:5001/swagger/index.html - -


Time: 2022-07-24 15:37:11.323
Level: Information
HTTP "GET" "/swagger/index.html" responded 404 in 0.1213 ms


Time: 2022-07-24 15:37:11.326
Level: Information
Request finished HTTP/2 GET https://localhost:5001/swagger/index.html - - - 404 0 - 4.7981ms


Time: 2022-07-24 15:37:16.426
Level: Information
Request starting HTTP/2 GET https://localhost:5001/swagger/index.html - -


Time: 2022-07-24 15:37:16.430
Level: Information
HTTP "GET" "/swagger/index.html" responded 404 in 0.9064 ms


Time: 2022-07-24 15:37:16.436
Level: Information
Request finished HTTP/2 GET https://localhost:5001/swagger/index.html - - - 404 0 - 10.1029ms


